<?xml version="1.0" encoding="UTF-8"?>
<testng-results ignored="0" total="1" passed="1" failed="0" skipped="0">
  <reporter-output>
  </reporter-output>
  <suite started-at="2023-11-25T13:57:29 NZDT" name="Default suite" finished-at="2023-11-25T13:57:37 NZDT" duration-ms="7923">
    <groups>
      <group name="cucumber">
        <method signature="AbstractTestNGCucumberTests.runScenario(io.cucumber.testng.PickleWrapper,io.cucumber.testng.FeatureWrapper)[pri:0, instance:runner.Runner@6253c26]" name="runScenario" class="io.cucumber.testng.AbstractTestNGCucumberTests"/>
      </group> <!-- cucumber -->
    </groups>
    <test started-at="2023-11-25T13:57:29 NZDT" name="Default test" finished-at="2023-11-25T13:57:37 NZDT" duration-ms="7923">
      <class name="runner.Runner">
        <test-method is-config="true" signature="setUpClass(org.testng.ITestContext)[pri:0, instance:runner.Runner@6253c26]" started-at="2023-11-25T13:57:29 NZDT" name="setUpClass" finished-at="2023-11-25T13:57:30 NZDT" duration-ms="354" status="PASS">
          <params>
            <param index="0">
              <value>
                <![CDATA[org.testng.TestRunner@649f25f3]]>
              </value>
            </param>
          </params>
          <reporter-output>
          </reporter-output>
        </test-method> <!-- setUpClass -->
        <test-method signature="runScenario(io.cucumber.testng.PickleWrapper,io.cucumber.testng.FeatureWrapper)[pri:0, instance:runner.Runner@6253c26]" started-at="2023-11-25T13:57:30 NZDT" name="runScenario" description="Runs Cucumber Scenarios" data-provider="scenarios" finished-at="2023-11-25T13:57:37 NZDT" duration-ms="7490" status="PASS">
          <params>
            <param index="0">
              <value>
                <![CDATA["Get all the incidents"]]>
              </value>
            </param>
            <param index="1">
              <value>
                <![CDATA["ServiceNow Incident Management"]]>
              </value>
            </param>
          </params>
          <reporter-output>
          </reporter-output>
        </test-method> <!-- runScenario -->
        <test-method is-config="true" signature="tearDownClass()[pri:0, instance:runner.Runner@6253c26]" started-at="2023-11-25T13:57:37 NZDT" name="tearDownClass" finished-at="2023-11-25T13:57:37 NZDT" duration-ms="2" status="PASS">
          <reporter-output>
          </reporter-output>
        </test-method> <!-- tearDownClass -->
      </class> <!-- runner.Runner -->
    </test> <!-- Default test -->
  </suite> <!-- Default suite -->
</testng-results>
